<?xml version="1.0" encoding="UTF-8"?>
<!-- Generated by org.testng.reporters.JUnitReportReporter -->
<testsuite hostname="DESKTOP-S99UOC8" failures="0" tests="1" name="runner.RunnerFileTestCase" time="47.482" errors="0" timestamp="2025-03-09T07:31:54 IST" skipped="0">
  <testcase classname="runner.RunnerFileTestCase" name="runScenario" time="47.482"/>
</testsuite> <!-- runner.RunnerFileTestCase -->
