<?xml version="1.0" encoding="UTF-8"?>
<!-- Generated by org.testng.reporters.JUnitReportReporter -->
<testsuite hostname="DESKTOP-KHFPL78" failures="0" tests="3" name="feb28.FBapp4" time="12.496" errors="0" timestamp="2025-02-27T23:09:47 PST" skipped="0">
  <testcase classname="feb28.FBapp4" name="setup" time="5.534"/>
  <testcase classname="feb28.FBapp4" name="loginTc" time="3.768"/>
  <testcase classname="feb28.FBapp4" name="accountTc" time="3.194"/>
</testsuite> <!-- feb28.FBapp4 -->
