<?xml version="1.0" encoding="UTF-8"?>
<!-- Generated by org.testng.reporters.JUnitReportReporter -->
<testsuite hostname="DESKTOP-KHFPL78" failures="0" tests="4" name="Taskmar3.FacebookApp" time="21.292" errors="0" timestamp="2025-03-02T20:45:56 PST" skipped="0">
  <testcase classname="Taskmar3.FacebookApp" name="setup" time="4.895"/>
  <testcase classname="Taskmar3.FacebookApp" name="loginTc1" time="1.246"/>
  <testcase classname="Taskmar3.FacebookApp" name="loginTc1" time="13.876"/>
  <testcase classname="Taskmar3.FacebookApp" name="loginTc1" time="1.275"/>
</testsuite> <!-- Taskmar3.FacebookApp -->
