<?xml version="1.0" encoding="UTF-8"?>
<!-- Generated by org.testng.reporters.JUnitReportReporter -->
<testsuite hostname="DESKTOP-KHFPL78" failures="0" tests="1" name="feb28.Ass4" time="9.632" errors="0" timestamp="2025-02-27T21:06:07 PST" skipped="0">
  <testcase classname="feb28.Ass4" name="Ass" time="9.632"/>
</testsuite> <!-- feb28.Ass4 -->
