<?xml version="1.0" encoding="UTF-8"?>
<!-- Generated by org.testng.reporters.JUnitReportReporter -->
<testsuite hostname="DESKTOP-KHFPL78" failures="0" tests="1" name="feb28.FBapp" time="6.107" errors="0" timestamp="2025-02-27T22:04:11 PST" skipped="0">
  <testcase classname="feb28.FBapp" name="loginTc" time="6.107"/>
</testsuite> <!-- feb28.FBapp -->
