<?xml version="1.0" encoding="UTF-8"?>
<!-- Generated by org.testng.reporters.JUnitReportReporter -->
<testsuite hostname="DESKTOP-KHFPL78" failures="0" tests="1" name="feb28.FBapp2" time="6.353" errors="0" timestamp="2025-02-27T22:17:56 PST" skipped="0">
  <testcase classname="feb28.FBapp2" name="loginTc" time="6.353"/>
</testsuite> <!-- feb28.FBapp2 -->
