<?xml version="1.0" encoding="UTF-8"?>
<!-- Generated by org.testng.reporters.JUnitReportReporter -->
<testsuite hostname="DESKTOP-KHFPL78" failures="0" tests="3" name="feb28.GroupsDemo" time="0.036" errors="0" timestamp="2025-02-28T01:24:09 PST" skipped="0">
  <testcase classname="feb28.GroupsDemo" name="C" time="0.003"/>
  <testcase classname="feb28.GroupsDemo" name="E" time="0.008"/>
  <testcase classname="feb28.GroupsDemo" name="B" time="0.025"/>
</testsuite> <!-- feb28.GroupsDemo -->
