<?xml version="1.0" encoding="UTF-8"?>
<!-- Generated by org.testng.reporters.JUnitReportReporter -->
<testsuite hostname="DESKTOP-KHFPL78" failures="0" tests="1" name="feb28.BrowserSelect" time="10.027" errors="0" timestamp="2025-02-28T03:35:05 PST" skipped="0">
  <testcase classname="feb28.BrowserSelect" name="getBrowser" time="10.027"/>
</testsuite> <!-- feb28.BrowserSelect -->
