<?xml version="1.0" encoding="UTF-8"?>
<!-- Generated by org.testng.reporters.JUnitReportReporter -->
<testsuite hostname="DESKTOP-KHFPL78" failures="0" tests="5" name="Taskmar1.FacebookApp" time="33.806" errors="0" timestamp="2025-03-01T00:57:06 PST" skipped="0">
  <testcase classname="Taskmar1.FacebookApp" name="setup" time="10.488"/>
  <testcase classname="Taskmar1.FacebookApp" name="loginTc1" time="8.319"/>
  <testcase classname="Taskmar1.FacebookApp" name="loginTc1" time="1.393"/>
  <testcase classname="Taskmar1.FacebookApp" name="loginTc1" time="9.401"/>
  <testcase classname="Taskmar1.FacebookApp" name="verifyForgetPwd" time="4.205"/>
</testsuite> <!-- Taskmar1.FacebookApp -->
