<?xml version="1.0" encoding="UTF-8"?>
<!-- Generated by org.testng.reporters.JUnitReportReporter -->
<testsuite hostname="DESKTOP-KHFPL78" failures="0" tests="3" name="mar4.testListener" time="6.959" errors="0" timestamp="2025-03-04T15:59:12 IST" skipped="0">
  <testcase classname="mar4.testListener" name="setup" time="5.837"/>
  <testcase classname="mar4.testListener" name="loginTc" time="0.726"/>
  <testcase classname="mar4.testListener" name="tearDown" time="0.396"/>
</testsuite> <!-- mar4.testListener -->
