<?xml version="1.0" encoding="UTF-8"?>
<!-- Generated by org.testng.reporters.JUnitReportReporter -->
<testsuite hostname="DESKTOP-KHFPL78" failures="0" tests="1" name="feb26.WebAlertDemo" time="11.104" errors="0" timestamp="2025-02-26T01:30:36 PST" skipped="0">
  <testcase classname="feb26.WebAlertDemo" name="WebAlertDemo1" time="11.104"/>
</testsuite> <!-- feb26.WebAlertDemo -->
