<?xml version="1.0" encoding="UTF-8"?>
<!-- Generated by org.testng.reporters.JUnitReportReporter -->
<testsuite hostname="DESKTOP-KHFPL78" failures="0" tests="1" name="feb27.ActionsDemo" time="6.196" errors="0" timestamp="2025-02-27T03:08:43 PST" skipped="0">
  <testcase classname="feb27.ActionsDemo" name="KeyBoard" time="6.196"/>
</testsuite> <!-- feb27.ActionsDemo -->
