<?xml version="1.0" encoding="UTF-8"?>
<!-- Generated by org.testng.reporters.JUnitReportReporter -->
<testsuite hostname="DESKTOP-KHFPL78" failures="0" tests="2" name="feb28.FBapp3" time="12.010" errors="0" timestamp="2025-02-27T22:42:36 PST" skipped="0">
  <testcase classname="feb28.FBapp3" name="loginTc" time="6.295"/>
  <testcase classname="feb28.FBapp3" name="accountTc" time="5.715"/>
</testsuite> <!-- feb28.FBapp3 -->
