<?xml version="1.0" encoding="UTF-8"?>
<!-- Generated by org.testng.reporters.JUnitReportReporter -->
<testsuite hostname="DESKTOP-KHFPL78" failures="0" tests="3" name="feb28.Sample" time="0.044" errors="0" timestamp="2025-02-27T21:26:31 PST" skipped="0">
  <testcase classname="feb28.Sample" name="loginTc" time="0.036"/>
  <testcase classname="feb28.Sample" name="Search" time="0.004"/>
  <testcase classname="feb28.Sample" name="logoutTc" time="0.004"/>
</testsuite> <!-- feb28.Sample -->
