<?xml version="1.0" encoding="UTF-8"?>
<!-- Generated by org.testng.reporters.JUnitReportReporter -->
<testsuite hostname="DESKTOP-KHFPL78" failures="0" tests="3" name="feb28.ParallelTCDemo" time="0.109" errors="0" timestamp="2025-02-28T01:50:21 PST" skipped="0">
  <testcase classname="feb28.ParallelTCDemo" name="A" time="0.037"/>
  <testcase classname="feb28.ParallelTCDemo" name="B" time="0.037"/>
  <testcase classname="feb28.ParallelTCDemo" name="C" time="0.035"/>
</testsuite> <!-- feb28.ParallelTCDemo -->
