<?xml version="1.0" encoding="UTF-8"?>
<!-- Generated by org.testng.reporters.JUnitReportReporter -->
<testsuite hostname="DESKTOP-KHFPL78" failures="0" tests="3" name="feb28.FBlogin" time="18.357" errors="0" timestamp="2025-02-28T03:38:34 PST" skipped="0">
  <testcase classname="feb28.FBlogin" name="f" time="8.054"/>
  <testcase classname="feb28.FBlogin" name="f" time="5.446"/>
  <testcase classname="feb28.FBlogin" name="f" time="4.857"/>
</testsuite> <!-- feb28.FBlogin -->
