<?xml version="1.0" encoding="UTF-8"?>
<!-- Generated by org.testng.reporters.JUnitReportReporter -->
<testsuite hostname="DESKTOP-KHFPL78" failures="0" tests="1" name="feb25.ScreenDemo" time="6.737" errors="0" timestamp="2025-02-25T20:41:56 PST" skipped="0">
  <testcase classname="feb25.ScreenDemo" name="verifyScreen" time="6.737"/>
</testsuite> <!-- feb25.ScreenDemo -->
