<?xml version="1.0" encoding="UTF-8"?>
<!-- Generated by org.testng.reporters.JUnitReportReporter -->
<testsuite hostname="DESKTOP-KHFPL78" failures="0" tests="1" name="AmazonDemo" time="17.997" errors="0" timestamp="2025-02-27T03:12:15 PST" skipped="0">
  <testcase classname="AmazonDemo" name="amazondemo" time="17.997"/>
</testsuite> <!-- AmazonDemo -->
