<?xml version="1.0" encoding="UTF-8"?>
<!-- Generated by org.testng.reporters.JUnitReportReporter -->
<testsuite hostname="DESKTOP-KHFPL78" failures="0" tests="1" name="feb26.App" time="17.171" errors="0" timestamp="2025-03-03T04:49:07 PST" skipped="0">
  <testcase classname="feb26.App" name="calender" time="17.171"/>
</testsuite> <!-- feb26.App -->
