<?xml version="1.0" encoding="UTF-8"?>
<!-- Generated by org.testng.reporters.JUnitReportReporter -->
<testsuite hostname="DESKTOP-KHFPL78" failures="0" tests="1" name="feb26.ScreenDemo" time="16.003" errors="0" timestamp="2025-02-25T20:47:57 PST" skipped="0">
  <testcase classname="feb26.ScreenDemo" name="verifyScreen" time="16.003"/>
</testsuite> <!-- feb26.ScreenDemo -->
