<?xml version="1.0" encoding="UTF-8"?>
<!-- Generated by org.testng.reporters.JUnitReportReporter -->
<testsuite hostname="DESKTOP-3L1ALEO" failures="0" tests="1" name="day9.wipro.VerifyImplicitWait" time="18.909" errors="0" timestamp="2025-02-27T10:10:03 IST" skipped="0">
  <testcase classname="day9.wipro.VerifyImplicitWait" name="impliciWait" time="18.909"/>
</testsuite> <!-- day9.wipro.VerifyImplicitWait -->
