<?xml version="1.0" encoding="UTF-8"?>
<!-- Generated by org.testng.reporters.JUnitReportReporter -->
<testsuite hostname="DESKTOP-3L1ALEO" failures="0" tests="4" name="day13.task.copy.DataDrivenFB" time="46.760" errors="0" timestamp="2025-03-03T10:29:14 IST" skipped="0">
  <testcase classname="day13.task.copy.DataDrivenFB" name="loginTc" time="10.311"/>
  <testcase classname="day13.task.copy.DataDrivenFB" name="loginTc" time="9.877"/>
  <testcase classname="day13.task.copy.DataDrivenFB" name="loginTc" time="13.103"/>
  <testcase classname="day13.task.copy.DataDrivenFB" name="loginTc" time="13.469"/>
</testsuite> <!-- day13.task.copy.DataDrivenFB -->
