<?xml version="1.0" encoding="UTF-8"?>
<!-- Generated by org.testng.reporters.JUnitReportReporter -->
<testsuite hostname="DESKTOP-3L1ALEO" failures="0" tests="5" name="day10.wipro.ParallelTcDemo" time="0.138" errors="0" timestamp="2025-02-28T15:18:45 IST" skipped="0">
  <testcase classname="day10.wipro.ParallelTcDemo" name="B" time="0.045"/>
  <testcase classname="day10.wipro.ParallelTcDemo" name="C" time="0.044"/>
  <testcase classname="day10.wipro.ParallelTcDemo" name="D" time="0.002"/>
  <testcase classname="day10.wipro.ParallelTcDemo" name="A" time="0.044"/>
  <testcase classname="day10.wipro.ParallelTcDemo" name="E" time="0.003"/>
</testsuite> <!-- day10.wipro.ParallelTcDemo -->
