<?xml version="1.0" encoding="UTF-8"?>
<!-- Generated by org.testng.reporters.JUnitReportReporter -->
<testsuite hostname="DESKTOP-3L1ALEO" failures="0" tests="1" name="day8.wipro.ScrollApp" time="22.100" errors="0" timestamp="2025-02-26T12:56:27 IST" skipped="0">
  <testcase classname="day8.wipro.ScrollApp" name="calender" time="22.100"/>
</testsuite> <!-- day8.wipro.ScrollApp -->
