<?xml version="1.0" encoding="UTF-8"?>
<!-- Generated by org.testng.reporters.JUnitReportReporter -->
<testsuite hostname="DESKTOP-3L1ALEO" failures="0" tests="1" name="day8.wipro.TabApp" time="19.895" errors="0" timestamp="2025-02-26T17:26:47 IST" skipped="0">
  <testcase classname="day8.wipro.TabApp" name="WindowHandling" time="19.895"/>
</testsuite> <!-- day8.wipro.TabApp -->
