<?xml version="1.0" encoding="UTF-8"?>
<!-- Generated by org.testng.reporters.JUnitReportReporter -->
<testsuite hostname="DESKTOP-3L1ALEO" failures="0" tests="2" name="day10.wipro.AppLaunch" time="24.696" errors="0" timestamp="2025-02-28T12:59:40 IST" skipped="0">
  <testcase classname="day10.wipro.AppLaunch" name="loginTc" time="12.938"/>
  <testcase classname="day10.wipro.AppLaunch" name="accountTc" time="11.758"/>
</testsuite> <!-- day10.wipro.AppLaunch -->
