<?xml version="1.0" encoding="UTF-8"?>
<!-- Generated by org.testng.reporters.JUnitReportReporter -->
<testsuite hostname="DESKTOP-3L1ALEO" failures="0" tests="1" name="day7.wipro.ScreenDemo" time="9.810" errors="0" timestamp="2025-02-26T10:18:01 IST" skipped="0">
  <testcase classname="day7.wipro.ScreenDemo" name="CaptureScreenImage" time="9.810"/>
</testsuite> <!-- day7.wipro.ScreenDemo -->
