<?xml version="1.0" encoding="UTF-8"?>
<!-- Generated by org.testng.reporters.JUnitReportReporter -->
<testsuite hostname="DESKTOP-3L1ALEO" failures="0" tests="1" name="day9.wipro.ActionsDemo" time="13.464" errors="0" timestamp="2025-02-27T12:29:08 IST" skipped="0">
  <testcase classname="day9.wipro.ActionsDemo" name="checkActions" time="13.464"/>
</testsuite> <!-- day9.wipro.ActionsDemo -->
