<?xml version="1.0" encoding="UTF-8"?>
<!-- Generated by org.testng.reporters.JUnitReportReporter -->
<testsuite hostname="DESKTOP-3L1ALEO" failures="0" tests="4" name="day11.task.DataDrivenFB" time="51.863" errors="0" timestamp="2025-03-01T12:34:49 IST" skipped="0">
  <testcase classname="day11.task.DataDrivenFB" name="loginTc" time="13.186"/>
  <testcase classname="day11.task.DataDrivenFB" name="loginTc" time="11.545"/>
  <testcase classname="day11.task.DataDrivenFB" name="loginTc" time="14.025"/>
  <testcase classname="day11.task.DataDrivenFB" name="verifyForgetPwd" time="13.107"/>
</testsuite> <!-- day11.task.DataDrivenFB -->
