<?xml version="1.0" encoding="UTF-8"?>
<!-- Generated by org.testng.reporters.JUnitReportReporter -->
<testsuite hostname="DESKTOP-3L1ALEO" failures="0" tests="1" name="day8.wipro.App" time="36.964" errors="0" timestamp="2025-02-26T19:39:47 IST" skipped="0">
  <testcase classname="day8.wipro.App" name="calender" time="36.964"/>
</testsuite> <!-- day8.wipro.App -->
