<?xml version="1.0" encoding="UTF-8"?>
<!-- Generated by org.testng.reporters.JUnitReportReporter -->
<testsuite hostname="DESKTOP-3L1ALEO" failures="0" tests="2" name="day10.wipro.Application" time="21.626" errors="0" timestamp="2025-02-28T12:16:56 IST" skipped="0">
  <testcase classname="day10.wipro.Application" name="loginTc" time="10.882"/>
  <testcase classname="day10.wipro.Application" name="accountTc" time="10.744"/>
</testsuite> <!-- day10.wipro.Application -->
