<?xml version="1.0" encoding="UTF-8"?>
<!-- Generated by org.testng.reporters.JUnitReportReporter -->
<testsuite hostname="DESKTOP-3L1ALEO" failures="0" tests="5" name="day10.wipro.DataProviderDemo" time="0.069" errors="0" timestamp="2025-02-28T16:51:02 IST" skipped="0">
  <testcase classname="day10.wipro.DataProviderDemo" name="f" time="0.037"/>
  <testcase classname="day10.wipro.DataProviderDemo" name="f" time="0.006"/>
  <testcase classname="day10.wipro.DataProviderDemo" name="f2" time="0.009"/>
  <testcase classname="day10.wipro.DataProviderDemo" name="f" time="0.011"/>
  <testcase classname="day10.wipro.DataProviderDemo" name="f2" time="0.006"/>
</testsuite> <!-- day10.wipro.DataProviderDemo -->
