<?xml version="1.0" encoding="UTF-8"?>
<!-- Generated by org.testng.reporters.JUnitReportReporter -->
<testsuite hostname="DESKTOP-3L1ALEO" failures="0" tests="1" name="day9.wipro.AmazonWeb" time="16.279" errors="0" timestamp="2025-02-27T17:02:29 IST" skipped="0">
  <testcase classname="day9.wipro.AmazonWeb" name="amazonActions" time="16.279"/>
</testsuite> <!-- day9.wipro.AmazonWeb -->
