<?xml version="1.0" encoding="UTF-8"?>
<!-- Generated by org.testng.reporters.JUnitReportReporter -->
<testsuite hostname="DESKTOP-3L1ALEO" failures="0" tests="1" name="day9.wipro.VerifyExplicitFB" time="12.892" errors="0" timestamp="2025-02-27T14:36:45 IST" skipped="0">
  <testcase classname="day9.wipro.VerifyExplicitFB" name="explicitFB" time="12.892"/>
</testsuite> <!-- day9.wipro.VerifyExplicitFB -->
