<?xml version="1.0" encoding="UTF-8"?>
<!-- Generated by org.testng.reporters.JUnitReportReporter -->
<testsuite hostname="DESKTOP-3L1ALEO" failures="0" tests="1" name="day8.wipro.WindowAlert" time="22.082" errors="0" timestamp="2025-02-27T21:10:00 IST" skipped="0">
  <testcase classname="day8.wipro.WindowAlert" name="WindowAlertDemo" time="22.082"/>
</testsuite> <!-- day8.wipro.WindowAlert -->
