<?xml version="1.0" encoding="UTF-8"?>
<!-- Generated by org.testng.reporters.JUnitReportReporter -->
<testsuite hostname="DESKTOP-3L1ALEO" failures="0" tests="3" name="day10.wipro.GroupsDemo" time="0.076" errors="0" timestamp="2025-02-28T14:53:14 IST" skipped="0">
  <testcase classname="day10.wipro.GroupsDemo" name="A" time="0.043"/>
  <testcase classname="day10.wipro.GroupsDemo" name="B" time="0.012"/>
  <testcase classname="day10.wipro.GroupsDemo" name="C" time="0.021"/>
</testsuite> <!-- day10.wipro.GroupsDemo -->
