<?xml version="1.0" encoding="UTF-8"?>
<!-- Generated by org.testng.reporters.JUnitReportReporter -->
<testsuite hostname="DESKTOP-3L1ALEO" failures="0" tests="1" name="day11.task.FacebookApp" time="16.555" errors="0" timestamp="2025-03-01T11:36:55 IST" skipped="0">
  <testcase classname="day11.task.FacebookApp" name="loginTc" time="16.555"/>
</testsuite> <!-- day11.task.FacebookApp -->
