<?xml version="1.0" encoding="UTF-8"?>
<!-- Generated by org.testng.reporters.JUnitReportReporter -->
<testsuite hostname="DESKTOP-3L1ALEO" failures="0" tests="1" name="day9.wipro.ActionKeyBoard" time="9.328" errors="0" timestamp="2025-02-27T14:51:28 IST" skipped="0">
  <testcase classname="day9.wipro.ActionKeyBoard" name="keyBoard" time="9.328"/>
</testsuite> <!-- day9.wipro.ActionKeyBoard -->
