<?xml version="1.0" encoding="UTF-8"?>
<!-- Generated by org.testng.reporters.JUnitReportReporter -->
<testsuite hostname="DESKTOP-3L1ALEO" failures="0" tests="1" name="day9.wipro.GoogleActions" time="10.743" errors="0" timestamp="2025-02-27T12:56:10 IST" skipped="0">
  <testcase classname="day9.wipro.GoogleActions" name="moveOffset" time="10.743"/>
</testsuite> <!-- day9.wipro.GoogleActions -->
