<?xml version="1.0" encoding="UTF-8"?>
<!-- Generated by org.testng.reporters.JUnitReportReporter -->
<testsuite hostname="DESKTOP-3L1ALEO" failures="0" tests="3" name="day10.wipro.DataProviderTask" time="43.708" errors="0" timestamp="2025-02-28T17:16:54 IST" skipped="0">
  <testcase classname="day10.wipro.DataProviderTask" name="loginTc" time="13.765"/>
  <testcase classname="day10.wipro.DataProviderTask" name="loginTc" time="14.261"/>
  <testcase classname="day10.wipro.DataProviderTask" name="loginTc" time="15.682"/>
</testsuite> <!-- day10.wipro.DataProviderTask -->
