<?xml version="1.0" encoding="UTF-8"?>
<!-- Generated by org.testng.reporters.JUnitReportReporter -->
<testsuite hostname="DESKTOP-3L1ALEO" failures="0" tests="4" name="Testcases.VerifyPage1FB" time="48.446" errors="0" timestamp="2025-03-03T15:41:57 IST" skipped="0">
  <testcase classname="Testcases.VerifyPage1FB" name="loginTc" time="14.169"/>
  <testcase classname="Testcases.VerifyPage1FB" name="loginTc" time="14.144"/>
  <testcase classname="Testcases.VerifyPage1FB" name="loginTc" time="10.118"/>
  <testcase classname="Testcases.VerifyPage1FB" name="loginTc" time="10.015"/>
</testsuite> <!-- Testcases.VerifyPage1FB -->
