<?xml version="1.0" encoding="UTF-8"?>
<!-- Generated by org.testng.reporters.JUnitReportReporter -->
<testsuite hostname="DESKTOP-3L1ALEO" failures="0" tests="1" name="day10.wipro.SoftAssertFB" time="8.868" errors="0" timestamp="2025-02-28T11:49:47 IST" skipped="0">
  <testcase classname="day10.wipro.SoftAssertFB" name="softAssert" time="8.868"/>
</testsuite> <!-- day10.wipro.SoftAssertFB -->
