<?xml version="1.0" encoding="UTF-8"?>
<!-- Generated by org.testng.reporters.JUnitReportReporter -->
<testsuite hostname="DESKTOP-3L1ALEO" failures="0" tests="1" name="wipro.practice.ExerciseOne" time="8.876" errors="0" timestamp="2025-02-28T10:32:23 IST" skipped="0">
  <testcase classname="wipro.practice.ExerciseOne" name="webApp" time="8.876"/>
</testsuite> <!-- wipro.practice.ExerciseOne -->
