<?xml version="1.0" encoding="UTF-8"?>
<!-- Generated by org.testng.reporters.JUnitReportReporter -->
<testsuite hostname="DESKTOP-3L1ALEO" failures="0" tests="1" name="day10.wipro.BrowserSelect" time="20.534" errors="0" timestamp="2025-02-28T16:43:13 IST" skipped="0">
  <testcase classname="day10.wipro.BrowserSelect" name="getBrowser" time="20.534"/>
</testsuite> <!-- day10.wipro.BrowserSelect -->
