<?xml version="1.0" encoding="UTF-8"?>
<!-- Generated by org.testng.reporters.JUnitReportReporter -->
<testsuite hostname="DESKTOP-3L1ALEO" failures="0" tests="1" name="day13.task.copy.FacebookApp" time="13.462" errors="0" timestamp="2025-03-03T10:26:59 IST" skipped="0">
  <testcase classname="day13.task.copy.FacebookApp" name="loginTc" time="13.462"/>
</testsuite> <!-- day13.task.copy.FacebookApp -->
