<?xml version="1.0" encoding="UTF-8"?>
<!-- Generated by org.testng.reporters.JUnitReportReporter -->
<testsuite hostname="DESKTOP-3L1ALEO" failures="0" tests="1" name="wipro.practice.BusApp" time="53.909" errors="0" timestamp="2025-02-26T19:41:46 IST" skipped="0">
  <testcase classname="wipro.practice.BusApp" name="departDates" time="53.909"/>
</testsuite> <!-- wipro.practice.BusApp -->
