<?xml version="1.0" encoding="UTF-8"?>
<!-- Generated by org.testng.reporters.JUnitReportReporter -->
<testsuite hostname="DESKTOP-3L1ALEO" failures="0" tests="1" name="day8.wipro.AlertApp" time="17.959" errors="0" timestamp="2025-02-26T14:43:35 IST" skipped="0">
  <testcase classname="day8.wipro.AlertApp" name="webAlertDemo" time="17.959"/>
</testsuite> <!-- day8.wipro.AlertApp -->
