<?xml version="1.0" encoding="UTF-8"?>
<!-- Generated by org.testng.reporters.JUnitReportReporter -->
<testsuite hostname="DESKTOP-3L1ALEO" failures="0" tests="3" name="day10.wipro.Sample" time="0.101" errors="0" timestamp="2025-02-28T14:35:45 IST" skipped="0">
  <testcase classname="day10.wipro.Sample" name="login" time="0.047"/>
  <testcase classname="day10.wipro.Sample" name="search" time="0.005"/>
  <testcase classname="day10.wipro.Sample" name="logout" time="0.049"/>
</testsuite> <!-- day10.wipro.Sample -->
