<?xml version="1.0" encoding="UTF-8"?>
<!-- Generated by org.testng.reporters.JUnitReportReporter -->
<testsuite hostname="DESKTOP-3L1ALEO" failures="0" tests="1" name="day8.wipro.App2" time="15.467" errors="0" timestamp="2025-02-26T12:03:54 IST" skipped="0">
  <testcase classname="day8.wipro.App2" name="calender" time="15.467"/>
</testsuite> <!-- day8.wipro.App2 -->
