<?xml version="1.0" encoding="UTF-8"?>
<!-- Generated by org.testng.reporters.JUnitReportReporter -->
<testsuite hostname="DESKTOP-3L1ALEO" failures="0" tests="1" name="day9.wipro.AirportApp" time="25.209" errors="0" timestamp="2025-02-27T09:43:34 IST" skipped="0">
  <testcase classname="day9.wipro.AirportApp" name="flightApp" time="25.209"/>
</testsuite> <!-- day9.wipro.AirportApp -->
