<?xml version="1.0" encoding="UTF-8"?>
<!-- Generated by org.testng.reporters.JUnitReportReporter -->
<testsuite hostname="Dell-G15" failures="0" tests="1" name="com.wipro.day6.AssignmentTest" time="5.425" errors="0" timestamp="2025-02-28T15:12:31 IST" skipped="0">
  <testcase classname="com.wipro.day6.AssignmentTest" name="assignTwo" time="5.425"/>
</testsuite> <!-- com.wipro.day6.AssignmentTest -->
