<?xml version="1.0" encoding="UTF-8"?>
<!-- Generated by org.testng.reporters.JUnitReportReporter -->
<testsuite hostname="Dell-G15" failures="0" tests="3" name="com.wipro.day6.XmlDemo" time="0.010" errors="0" timestamp="2025-02-28T17:57:27 IST" skipped="0">
  <testcase classname="com.wipro.day6.XmlDemo" name="C" time="0.001"/>
  <testcase classname="com.wipro.day6.XmlDemo" name="E" time="0.002"/>
  <testcase classname="com.wipro.day6.XmlDemo" name="B" time="0.007"/>
</testsuite> <!-- com.wipro.day6.XmlDemo -->
