<?xml version="1.0" encoding="UTF-8"?>
<!-- Generated by org.testng.reporters.JUnitReportReporter -->
<testsuite hostname="Dell-G15" failures="0" tests="1" name="com.wipro.day5.ActionsDemo" time="1.166" errors="0" timestamp="2025-02-27T15:26:13 IST" skipped="0">
  <testcase classname="com.wipro.day5.ActionsDemo" name="moreActionDemo" time="1.166"/>
</testsuite> <!-- com.wipro.day5.ActionsDemo -->
