<?xml version="1.0" encoding="UTF-8"?>
<!-- Generated by org.testng.reporters.JUnitReportReporter -->
<testsuite hostname="Dell-G15" failures="0" tests="1" name="runners.RediffRunnerTestCase" time="9.149" errors="0" timestamp="2025-03-11T16:08:20 IST" skipped="0">
  <testcase classname="runners.RediffRunnerTestCase" name="runScenario" time="9.149"/>
</testsuite> <!-- runners.RediffRunnerTestCase -->
