<?xml version="1.0" encoding="UTF-8"?>
<!-- Generated by org.testng.reporters.JUnitReportReporter -->
<testsuite hostname="DESKTOP-KHFPL78" failures="0" tests="1" name="com.wipro.day5.Demo" time="2.167" errors="0" timestamp="2025-02-26T22:58:13 PST" skipped="0">
  <testcase classname="com.wipro.day5.Demo" name="fluentWaitFB" time="2.167"/>
</testsuite> <!-- com.wipro.day5.Demo -->
