<?xml version="1.0" encoding="UTF-8"?>
<!-- Generated by org.testng.reporters.JUnitReportReporter -->
<testsuite hostname="Dell-G15" failures="0" tests="4" name="com.wipro.day6.BrowserSelect" time="12.115" errors="0" timestamp="2025-02-28T18:00:40 IST" skipped="1">
  <testcase classname="com.wipro.day6.BrowserSelect" name="test" time="4.253"/>
  <testcase classname="com.wipro.day6.BrowserSelect" name="test" time="3.920"/>
  <testcase classname="com.wipro.day6.BrowserSelect" name="test" time="3.942"/>
  <testcase classname="com.wipro.day6.BrowserSelect" name="getBrowser">
    <skipped/>
  </testcase> <!-- getBrowser -->
</testsuite> <!-- com.wipro.day6.BrowserSelect -->
