<?xml version="1.0" encoding="UTF-8"?>
<!-- Generated by org.testng.reporters.JUnitReportReporter -->
<testsuite hostname="Dell-G15" failures="0" tests="1" name="runners.RediffRunner" time="8.486" errors="0" timestamp="2025-03-10T09:08:36 IST" skipped="0">
  <testcase classname="runners.RediffRunner" name="runScenario" time="8.486"/>
</testsuite> <!-- runners.RediffRunner -->
