<?xml version="1.0" encoding="UTF-8"?>
<!-- Generated by org.testng.reporters.JUnitReportReporter -->
<testsuite hostname="Dell-G15" failures="0" tests="3" name="com.wipro.day6.TestNgDemo" time="0.008" errors="0" timestamp="2025-02-28T10:54:22 IST" skipped="0">
  <testcase classname="com.wipro.day6.TestNgDemo" name="LoginTC" time="0.008"/>
  <testcase classname="com.wipro.day6.TestNgDemo" name="SearchTC" time="0.000"/>
  <testcase classname="com.wipro.day6.TestNgDemo" name="LogoutTC" time="0.000"/>
</testsuite> <!-- com.wipro.day6.TestNgDemo -->
