<?xml version="1.0" encoding="UTF-8"?>
<!-- Generated by org.testng.reporters.JUnitReportReporter -->
<testsuite hostname="Dell-G15" failures="0" tests="4" name="TestCases.FBPage1" time="10.097" errors="0" timestamp="2025-03-03T22:37:26 IST" skipped="0">
  <testcase classname="TestCases.FBPage1" name="loginTc" time="2.058"/>
  <testcase classname="TestCases.FBPage1" name="loginTc" time="3.293"/>
  <testcase classname="TestCases.FBPage1" name="loginTc" time="2.045"/>
  <testcase classname="TestCases.FBPage1" name="verifyForgetPwd" time="2.701"/>
</testsuite> <!-- TestCases.FBPage1 -->
