<?xml version="1.0" encoding="UTF-8"?>
<!-- Generated by org.testng.reporters.JUnitReportReporter -->
<testsuite hostname="DESKTOP-KHFPL78" failures="0" tests="1" name="com.wipro.day4.Demo" time="11.187" errors="0" timestamp="2025-02-26T03:59:22 PST" skipped="0">
  <testcase classname="com.wipro.day4.Demo" name="windowHandlingDemo" time="11.187"/>
</testsuite> <!-- com.wipro.day4.Demo -->
