<?xml version="1.0" encoding="UTF-8"?>
<!-- Generated by org.testng.reporters.JUnitReportReporter -->
<testsuite hostname="Dell-G15" failures="0" tests="3" name="com.wipro.day8.FBLogin" time="5.760" errors="0" timestamp="2025-03-03T10:26:21 IST" skipped="0">
  <testcase classname="com.wipro.day8.FBLogin" name="loginTc" time="1.866"/>
  <testcase classname="com.wipro.day8.FBLogin" name="loginTc" time="2.063"/>
  <testcase classname="com.wipro.day8.FBLogin" name="loginTc" time="1.831"/>
</testsuite> <!-- com.wipro.day8.FBLogin -->
