<?xml version="1.0" encoding="UTF-8"?>
<!-- Generated by org.testng.reporters.JUnitReportReporter -->
<testsuite hostname="Dell-G15" failures="0" tests="4" name="com.wipro.day7.ReadProp" time="8.997" errors="0" timestamp="2025-03-01T12:51:41 IST" skipped="0">
  <testcase classname="com.wipro.day7.ReadProp" name="loginTc" time="1.891"/>
  <testcase classname="com.wipro.day7.ReadProp" name="loginTc" time="2.076"/>
  <testcase classname="com.wipro.day7.ReadProp" name="loginTc" time="2.491"/>
  <testcase classname="com.wipro.day7.ReadProp" name="verifyForgetPwd" time="2.539"/>
</testsuite> <!-- com.wipro.day7.ReadProp -->
