<?xml version="1.0" encoding="UTF-8"?>
<!-- Generated by org.testng.reporters.JUnitReportReporter -->
<testsuite hostname="DESKTOP-KHFPL78" failures="0" tests="2" name="com.wipro.day1.VerifyCalci" time="0.030" errors="0" timestamp="2025-02-25T01:18:56 PST" skipped="0">
  <testcase classname="com.wipro.day1.VerifyCalci" name="verifyAdd" time="0.023"/>
  <testcase classname="com.wipro.day1.VerifyCalci" name="verifySub" time="0.007"/>
</testsuite> <!-- com.wipro.day1.VerifyCalci -->
