<?xml version="1.0" encoding="UTF-8"?>
<!-- Generated by org.testng.reporters.JUnitReportReporter -->
<testsuite hostname="Dell-G15" failures="0" tests="1" name="Runners.FBLoginTests" time="7.204" errors="0" timestamp="2025-03-06T14:36:53 IST" skipped="0">
  <testcase classname="Runners.FBLoginTests" name="runScenario" time="7.204"/>
</testsuite> <!-- Runners.FBLoginTests -->
