<?xml version="1.0" encoding="UTF-8"?>
<!-- Generated by org.testng.reporters.JUnitReportReporter -->
<testsuite hostname="DESKTOP-KHFPL78" failures="0" tests="1" name="com.wipro.day3.ScrnShot" time="5.373" errors="0" timestamp="2025-02-25T04:05:40 PST" skipped="0">
  <testcase classname="com.wipro.day3.ScrnShot" name="verifyScrn" time="5.373"/>
</testsuite> <!-- com.wipro.day3.ScrnShot -->
