<?xml version="1.0" encoding="UTF-8"?>
<!-- Generated by org.testng.reporters.JUnitReportReporter -->
<testsuite hostname="Dell-G15" failures="0" tests="5" name="com.wipro.day6.ParallelDemo" time="0.013" errors="0" timestamp="2025-02-28T15:22:31 IST" skipped="0">
  <testcase classname="com.wipro.day6.ParallelDemo" name="D" time="0.002"/>
  <testcase classname="com.wipro.day6.ParallelDemo" name="A" time="0.007"/>
  <testcase classname="com.wipro.day6.ParallelDemo" name="B" time="0.001"/>
  <testcase classname="com.wipro.day6.ParallelDemo" name="E" time="0.002"/>
  <testcase classname="com.wipro.day6.ParallelDemo" name="C" time="0.001"/>
</testsuite> <!-- com.wipro.day6.ParallelDemo -->
