<?xml version="1.0" encoding="UTF-8"?>
<!-- Generated by org.testng.reporters.JUnitReportReporter -->
<testsuite hostname="Dell-G15" failures="0" tests="3" name="TestCases.FBLogin" time="6.328" errors="0" timestamp="2025-03-03T14:20:19 IST" skipped="0">
  <testcase classname="TestCases.FBLogin" name="loginTc" time="1.897"/>
  <testcase classname="TestCases.FBLogin" name="loginTc" time="2.528"/>
  <testcase classname="TestCases.FBLogin" name="loginTc" time="1.903"/>
</testsuite> <!-- TestCases.FBLogin -->
