<?xml version="1.0" encoding="UTF-8"?>
<!-- Generated by org.testng.reporters.JUnitReportReporter -->
<testsuite hostname="Dell-G15" failures="0" tests="1" name="stepDefinition.FBLoginTests" time="2.393" errors="0" timestamp="2025-03-05T11:41:50 IST" skipped="0">
  <testcase classname="stepDefinition.FBLoginTests" name="runScenario" time="2.393"/>
</testsuite> <!-- stepDefinition.FBLoginTests -->
