<?xml version="1.0" encoding="UTF-8"?>
<!-- Generated by org.testng.reporters.JUnitReportReporter -->
<testsuite hostname="DESKTOP-KHFPL78" failures="0" tests="1" name="com.wipro.day4.CalendarDemo" time="7.374" errors="0" timestamp="2025-02-26T00:41:30 PST" skipped="0">
  <testcase classname="com.wipro.day4.CalendarDemo" name="calenderInteraction" time="7.374"/>
</testsuite> <!-- com.wipro.day4.CalendarDemo -->
